00000000 a __dldi_lma
00000000 a __end__
00000000 A __sync_synchronize
01ff8000 t __itcm_start
01ff8038 00000018 T __excpt_vectors
01ff8050 0000007c T threadSwitchTo
01ff80cc 000000d4 T threadBlock
01ff81a0 000000d4 T threadUnblockOneByValue
01ff8274 00000138 T threadUnblockAllByValue
01ff83ac 000000f0 T threadUnblockAllByMask
01ff849c 0000002c T armContextSave
01ff84c8 00000020 T armContextLoad
01ff84cc T armContextLoadFromSvc
01ff84e8 00000008 T armWaitForIrq
01ff84f0 0000000c T armDrainWriteBuffer
01ff84fc 00000028 T armDCacheFlushAll
01ff8524 0000001c T armDCacheFlush
01ff8540 0000000c T armICacheInvalidateAll
01ff854c 00000004 t __arm_excpt_rst
01ff8550 00000004 t __arm_excpt_pabt
01ff8554 0000000c t __arm_excpt_und
01ff8560 0000000c t __arm_excpt_dabt
01ff856c 00000030 t __excpt_entry
01ff859c 000000e4 t __arm_excpt_irq
01ff8680 t __itcm_end
02001000 t __crt0_start
02001000 00000060 t __ds9_bootstub_trampoline
02001060 00000074 T crt0ProcessLoadList
020010d4 00000180 T crt0Startup
02001254 0000004c T crt0CopyMem32
020012a0 00000058 T crt0FillMem32
020012f8 000000b4 T crt0SetupMPU
020013c0 t __crt0_end
020013c0 T _init
020013c0 t __main_start
020013d8 00000030 T exit
02001408 00000674 T main
02001a7c t __do_global_dtors_aux
02001ad0 t frame_dummy
02001b00 00000054 t divf32
02001b54 000000b8 t drawBottomUI
02001c0c 000000e8 t newRow
02001cf4 00000010 T consoleSelect
02001d04 000000e0 T consolePrintChar
02001de4 0000034c T con_write
02002130 000002e4 T consoleLoadFont
02002414 00000170 T consoleInit
02002584 0000006c T scanKeys
020025f0 00000010 T keysDown
02002600 0000004c T sinLutLookup
0200264c 00000038 T sinLerp
02002684 00000044 T cosLerp
020026c8 000000ac T tanLerp
02002774 000000f8 T glInit
0200286c 00000162 t vramBlock__deallocateBlock.part.0
020029d0 0000005c T vramBlock_init
02002a2c 00000170 T vramBlock__allocateBlock
02002b9c 00000270 T vramBlock_examineSpecial
02002e0c 0000006c T vramBlock_allocateSpecial
02002e78 00000032 T vramBlock_allocateBlock
02002eac 00000046 T vramBlock_deallocateBlock
02002ef4 000000c8 T _glInitGlobals
02002fbc 00000084 T glGenTextures
02003040 000000b4 T vramGetBank
020030f4 0000005c T glBindTexture
02003150 00000034 T glTexParameter
02003184 00000400 T glTexImage2D
02003584 0000006c T checkIfText
020035f0 000000e8 T bgUpdate
020036d8 000000a8 T bgInit_call
02003780 000000b0 T bgInitSub_call
02003830 00000016 T DynamicArrayInit
02003848 00000016 T DynamicArrayGet
02003860 00000048 T DynamicArraySet
020038a8 00000018 T powerOn
020038c0 0000000c T vramRestorePrimaryBanks
020038cc 00000010 t _threadTickTask
020038dc 000000a0 T threadExit
0200397c 00000098 T _threadInit
02003a14 00000134 T threadPrepare
02003b48 00000094 T threadStart
02003bdc 000000a4 T threadIrqWait
02003c80 00000058 T threadSleepTicks
02003cd8 000001d4 T threadUpdateDynamicPrio
02003eac 00000148 t threadRemoveWaiter
02003ff4 00000138 T mutexLock
0200412c 000000bc T mutexUnlock
020041e8 00000028 T keypadGetState
02004210 00000040 t _pmCallEventHandlers
02004250 0000009c t _pmPxiThreadMain
020042ec 00000028 t _pmResetPxiHandler
02004314 00000004 W systemUserExit
02004318 00000004 W systemErrorExit
0200431c 00000138 T __syscall_exit
02004454 00000058 T pmInit
020044ac 000000cc T pmEnterSleep
02004578 00000074 T pmMainLoop
020045ec 00000058 T touchRead
02004644 0000001c t _tickCountIsr
02004660 00000084 t _tickTaskSchedule.part.0.isra.0
020046e4 000000a0 T tickInit
02004784 0000005c T tickGetCount
020047e0 00000110 t _tickTaskIsr
020048f0 00000144 T tickTaskStart
02004998 a __crt0_lma
02004a34 00000098 T mailboxTrySend
02004acc 00000098 T mailboxRecv
02004b64 00000014 T __syscall_getreent
02004b78 00000024 T __errno
02004b9c 00000004 T __syscall_lock_acquire
02004ba0 00000004 T __syscall_lock_release
02004ba4 0000004c T __syscall_lock_acquire_recursive
02004bf0 00000018 T __syscall_lock_release_recursive
02004c08 00000004 t _pxiMailboxHandler
02004c0c 00000004 W _pxiRecvUnhandled
02004c10 00000154 t _pxiRecvIrqHandler
02004d58 a __itcm_lma
02004d58 a __loadlist_lma
02004d64 00000058 T _pxiInit
02004dbc 00000074 T pxiSetHandler
02004e30 00000068 T pxiSetMailbox
02004e98 00000038 T pxiWaitRemote
02004ed0 00000050 T pxiSendPacket
02004f20 00000004 W systemUserStartup
02004f24 00000110 W systemStartup
02005034 00000064 T irqSet
02005098 T __aeabi_idiv
02005098 00000128 T __divsi3
020050a0 t .divsi3_skip_div0_test
020051c0 00000020 T __aeabi_idivmod
020051e0 00000004 W __aeabi_idiv0
020051e0 00000004 W __aeabi_ldiv0
020051e4 T __aeabi_uldivmod
02005220 00000140 T __udivmoddi4
02005360 00000028 T __clzdi2
02005388 00000048 T __clzsi2
020053d0 00000124 T memcpy
020054f4 0000002c T calloc
02005520 000000f4 T memset
02005614 000000e4 T _calloc_r
020056f8 0000002c T realloc
02005724 00000804 T _malloc_r
02005f28 0000011c T _malloc_trim_r
02006044 000002fc T _free_r
02006340 0000029c T setvbuf
020065dc 00000028 t stdio_exit_handler
02006604 00000054 t cleanup_stdio
02006658 00000158 t global_stdio_init.part.0
020067b0 00000064 T __sinit
02006814 00000018 T __sfp_lock_acquire
0200682c 00000018 T __sfp_lock_release
02006844 00000090 T __libc_init_array
020068d4 00000048 T malloc
0200691c 00000024 T free
02006940 00000078 T siscanf
020069b8 0000004c T __sread
02006a04 00000008 T __seofread
02006a0c 0000006c T __swrite
02006a78 00000048 T __sseek
02006ac0 00000014 T __sclose
02006ad4 0000051c T _realloc_r
02006ff0 00000034 T iprintf
02007024 00000018 T __malloc_lock
0200703c 00000018 T __malloc_unlock
02007054 00000150 T _fclose_r
020071a4 00000010 W __call_exitprocs
020071b4 00000044 T __libc_fini_array
020071f8 000005fc t get_arg
020077f4 00002344 T _vfiprintf_r
02009b38 000000b8 t __sbprintf
02009bf0 00000090 T strlen
02009c80 00000078 T _fwalk_sglue
02009cf8 000000ac T _wcrtomb_r
02009da4 00000188 T _memalign_r
02009f2c 00000168 T __smakebuf_r
0200a094 00000084 T __swhatbuf_r
0200a118 00000028 T __locale_mb_cur_max
0200a140 00000248 T __sflush_r
0200a388 000000cc T _fflush_r
0200a454 00000034 T __sprint_r
0200a488 00000054 t get_arg
0200a4dc 000000e8 T _sungetc_r
0200a5c4 00000068 T __ssrefill_r
0200a62c 000000b8 T _sfread_r
0200a6e4 000022d4 T __ssvfiscanf_r
0200c9b8 00000388 t _strtol_l.part.0
0200cd40 00000070 T _strtol_r
0200cdb0 000000dc T strncpy
0200ce8c 000000f4 T memchr
0200cf80 0000002c T _wcsrtombs_r
0200cfac 00000148 T __swsetup_r
0200d0f4 00000028 T _localeconv_r
0200d11c 000001b4 T memmove
0200d2d0 000000f8 T __utf8_wctomb
0200d3c8 0000016c T _wcsnrtombs_l
0200d534 00000068 T _wcsnrtombs_r
0200d59c 00000014 T iswspace
0200d5b0 00000268 t _strtoull_l.isra.0
0200d818 00000038 T _strtoull_r
0200d850 000001f0 t _strtoul_l.isra.0
0200da40 00000038 T _strtoul_r
0200da78 000000bc T __submore
0200db34 00000344 T __utf8_mbtowc
0200de78 000000d0 T _mbrtowc_r
0200df48 000004b4 T __sfvwrite_r
0200e3fc 000000e8 T __sccl
0200e4e4 0000049c t _strtoll_l.isra.0
0200e980 00000038 T _strtoll_r
0200e9b8 00000040 T iswspace_l
0200e9f8 00000098 T category
0200ea90 00000020 T _exit
0200eab0 000000a0 T _fstat_r
0200eb50 00000030 T __getreent
0200eb80 0000005c T __get_handle
0200ebdc 00000118 T _close_r
0200ecf4 00000008 t null_write
0200ecfc 00000008 T _isatty_r
0200ed04 00000098 T _lseek_r
0200ed9c 00000098 T _read_r
0200ee34 00000078 W _sbrk_r
0200eeac 00000020 T __libc_lock_acquire
0200eecc 00000020 T __libc_lock_release
0200eeec 00000020 T __libc_lock_acquire_recursive
0200ef0c 00000020 T __libc_lock_release_recursive
0200ef2c 00000098 T _write_r
0200efc4 T __aeabi_uidiv
0200efc4 000000f4 T __udivsi3
0200efc4 t .udivsi3_skip_div0_test
0200f0b8 00000020 T __aeabi_uidivmod
0200f0d8 T _fini
0200f354 00000080 t dotab_stdout
0200f3d4 00000204 T TAN_LUT
0200f5d8 00000102 T SIN_LUT
0200f700 T default_font_bin
0200ff00 T default_font_bin_end
02010014 00000010 t zeroes.0
02010024 00000010 t blanks.1
02010034 0000006c T __action_table
020100a0 0000006c T __state_table
0201010c 00000100 T __chclass
0201028c 00000022 t basefix.0
020102b0 00000101 T _ctype_
020103b4 000037f8 t categories
02013bac 00000080 T dotab_stdnull
02013c30 00000004 d rotationDir
02013c34 00000001 d firstConsoleInit.0
02013c38 00000004 D currentConsole
02013c3c 0000005c D defaultConsole
02013c98 00000001 d count
02013c99 00000001 d repeat
02013c9a 00000001 d delay
02013c9c 00000020 D bgTransform
02013cbc 00000020 D bgScrollTable
02013cdc 00000020 D bgControl
02013cfc 00000004 D __malloc_sbrk_base
02013d00 00000004 D __malloc_trim_threshold
02013d08 00000408 D __malloc_av_
02014110 0000000c D __sglue
0201411c 00000004 D _impure_ptr
02014120 00000200 D _impure_data
02014320 00000254 D __global_locale
02014578 00001000 d handles
02015578 0000000c d __stderr_handle
02015584 0000000c d __stdout_handle
02015590 0000000c d __stdin_handle
0201559c 0000008c D devoptab_list
02015628 r __EH_FRAME_BEGIN__
02015628 r __FRAME_END__
0201562c r __tls_info
02015638 d __frame_dummy_init_array_entry
02015638 d __init_array_start
02015638 d __preinit_array_end
02015638 d __preinit_array_start
0201563c d __do_global_dtors_aux_fini_array_entry
0201563c d __fini_array_start
0201563c d __init_array_end
02015640 b completed.1
02015640 d __fini_array_end
02015640 d __main_end
02015640 ? __tls_end
02015640 ? __tls_start
02015644 b object.0
0201565c 0000005c b bottomScreen
020156b8 00000004 b angleY
020156bc 00000004 b textureID
020156c0 00002000 b texture
020176c0 0000005c B currentCopy
0201771c 00000002 b keysrepeat
02017720 00000004 b s_keypad
02017724 00000004 B glCurClearColor
02017728 0000004c B glGlobalData
02017774 00000008 B bgIsTextLut
0201777c 00000140 B bgState
020178bc 00000008 b s_sleepThreads
020178c4 00000008 b s_joinThreads
020178cc 00000070 b s_idleThread
0201793c 00000070 b s_mainThread
020179b0 00000200 b s_pmPxiThreadStack
02017bb0 00000070 b s_pmPxiThread
02017c20 00000008 b s_pmState
02017c28 00000004 b s_firstTask
02017c30 00000008 b s_highTickCount
02017c38 00000001 b s_tickInit
02017c3c 00000008 b s_mailboxRecvQueue
02017c44 00000004 b s_defaultErrno.0
02017c48 00000004 V __stacksize__
02017c4c 00000001 B g_isTwlMode
02017c50 000001f0 b s_pxiChannels
02017e40 00000004 b s_pxiRecvState
02017e44 00000008 b s_pxiRecvQueue
02017e4c 00000004 b s_pxiSendMutex
02017e50 00000028 B __malloc_current_mallinfo
02017e78 00000004 B __malloc_max_total_mem
02017e7c 00000004 B __malloc_max_sbrked_mem
02017e80 00000004 B __malloc_top_pad
02017e84 0000000c b __sfp_recursive_mutex
02017e90 00000168 B __sf
02017ff8 00000004 B __stdio_exit_handler
02017ffc 0000000c b __malloc_recursive_mutex
02018008 00000004 b __hndl_lock
0201800c 00000004 B fake_heap_start
02018010 00000004 B fake_heap_end
02018014 00000004 b heap_start.0
02018018 b __heap_start_ntr
02018018 b __main_bss_end
02018020 r __heap_start_twl
02018020 ? __twl_bss_end
02018020 ? __twl_end
02018020 ? __twl_start
02019658 a __loadlist_start
02019688 a __loadlist_end
02400000 a __twl_lma
02400000 a __twl_loadlist_lma
02400000 a __twl_loadlist_start
0240000c a __twl_loadlist_end
02ff0000 ? __dtcm_end
02ff0000 ? __dtcm_start
02ff0000 00000080 B __irq_table
02ff0080 00000018 B __sched_state
02ff0098 b __dtcm_bss_end
02ff3e80 d __sp_usr
02ff3f80 a __sp_irq
02ff3fc0 a __sp_svc
02ff3ff8 a __irq_flags
0e000800 00000198 T __ds9_bootstub
ffff0008 a __arm_excpt_svc
